[19:11:50] [main/INFO]: Reloading ResourceManager: Default, bukkit
[19:11:51] [Worker-Main-8/INFO]: Loaded 7 recipes
[19:11:53] [Server thread/INFO]: Starting minecraft server version 1.16.2
[19:11:53] [Server thread/INFO]: Loading properties
[19:11:54] [Server thread/INFO]: This server is running CraftBukkit version git-Spigot-b5a13e6-a939fbd (MC: 1.16.2) (Implementing API version 1.16.2-R0.1-SNAPSHOT)
[19:11:55] [Server thread/INFO]: Debug logging is disabled
[19:11:55] [Server thread/INFO]: Using 4 threads for Netty based IO
[19:11:55] [Server thread/INFO]: Server Ping Player Sample Count: 12
[19:11:55] [Server thread/INFO]: Default game type: SURVIVAL
[19:11:55] [Server thread/INFO]: Generating keypair
[19:11:55] [Server thread/INFO]: Starting Minecraft server on *:25565
[19:11:55] [Server thread/INFO]: Using default channel type
[19:11:57] [Server thread/WARN]: Initializing Legacy Material Support. Unless you have legacy plugins and/or data this is a bug!
[19:11:59] [Server thread/WARN]: Legacy plugin RPGqk vspigot-1.16.2 does not specify an api-version.
[19:11:59] [Server thread/INFO]: [RPGqk] Loading RPGqk vspigot-1.16.2
[19:11:59] [Server thread/WARN]: **** SERVER IS RUNNING IN OFFLINE/INSECURE MODE!
[19:11:59] [Server thread/WARN]: The server will make no attempt to authenticate usernames. Beware.
[19:11:59] [Server thread/WARN]: While this makes the game possible to play without internet access, it also opens up the ability for hackers to connect with any username they choose.
[19:11:59] [Server thread/WARN]: To change this, set "online-mode" to "true" in the server.properties file.
[19:11:59] [Server thread/INFO]: Preparing level "world"
[19:11:59] [Server thread/INFO]: -------- World Settings For [world] --------
[19:11:59] [Server thread/INFO]: Custom Map Seeds:  Village: 10387312 Desert: 14357617 Igloo: 14357618 Jungle: 14357619 Swamp: 14357620 Monument: 10387313 Ocean: 14357621 Shipwreck: 165745295 End City: 10387313 Slime: 987234911 Bastion: 30084232 Fortress: 30084232 Mansion: 10387319 Fossil: 14357921 Portal: 34222645
[19:11:59] [Server thread/INFO]: Entity Tracking Range: Pl 48 / An 48 / Mo 48 / Mi 32 / Other 64
[19:11:59] [Server thread/INFO]: Allow Zombie Pigmen to spawn from portal blocks: true
[19:11:59] [Server thread/INFO]: Item Despawn Rate: 6000
[19:11:59] [Server thread/INFO]: Item Merge Radius: 2.5
[19:11:59] [Server thread/INFO]: View Distance: 10
[19:11:59] [Server thread/INFO]: Hopper Transfer: 8 Hopper Check: 1 Hopper Amount: 1
[19:11:59] [Server thread/INFO]: Arrow Despawn Rate: 1200 Trident Respawn Rate:1200
[19:11:59] [Server thread/INFO]: Nerfing mobs spawned from spawners: false
[19:11:59] [Server thread/INFO]: Experience Merge Radius: 3.0
[19:11:59] [Server thread/INFO]: Mob Spawn Range: 6
[19:11:59] [Server thread/INFO]: Cactus Growth Modifier: 100%
[19:11:59] [Server thread/INFO]: Cane Growth Modifier: 100%
[19:11:59] [Server thread/INFO]: Melon Growth Modifier: 100%
[19:11:59] [Server thread/INFO]: Mushroom Growth Modifier: 100%
[19:11:59] [Server thread/INFO]: Pumpkin Growth Modifier: 100%
[19:11:59] [Server thread/INFO]: Sapling Growth Modifier: 100%
[19:11:59] [Server thread/INFO]: Beetroot Growth Modifier: 100%
[19:11:59] [Server thread/INFO]: Carrot Growth Modifier: 100%
[19:11:59] [Server thread/INFO]: Potato Growth Modifier: 100%
[19:11:59] [Server thread/INFO]: Wheat Growth Modifier: 100%
[19:11:59] [Server thread/INFO]: NetherWart Growth Modifier: 100%
[19:11:59] [Server thread/INFO]: Vine Growth Modifier: 100%
[19:11:59] [Server thread/INFO]: Cocoa Growth Modifier: 100%
[19:11:59] [Server thread/INFO]: Bamboo Growth Modifier: 100%
[19:11:59] [Server thread/INFO]: SweetBerry Growth Modifier: 100%
[19:11:59] [Server thread/INFO]: Kelp Growth Modifier: 100%
[19:11:59] [Server thread/INFO]: Entity Activation Range: An 32 / Mo 32 / Ra 48 / Mi 16 / Tiv true
[19:11:59] [Server thread/INFO]: Tile Max Tick Time: 50ms Entity max Tick Time: 50ms
[19:11:59] [Server thread/INFO]: Max TNT Explosions: 100
[19:11:59] [Server thread/INFO]: Zombie Aggressive Towards Villager: true
[19:12:00] [Server thread/INFO]: -------- World Settings For [world_nether] --------
[19:12:00] [Server thread/INFO]: Custom Map Seeds:  Village: 10387312 Desert: 14357617 Igloo: 14357618 Jungle: 14357619 Swamp: 14357620 Monument: 10387313 Ocean: 14357621 Shipwreck: 165745295 End City: 10387313 Slime: 987234911 Bastion: 30084232 Fortress: 30084232 Mansion: 10387319 Fossil: 14357921 Portal: 34222645
[19:12:00] [Server thread/INFO]: Entity Tracking Range: Pl 48 / An 48 / Mo 48 / Mi 32 / Other 64
[19:12:00] [Server thread/INFO]: Allow Zombie Pigmen to spawn from portal blocks: true
[19:12:00] [Server thread/INFO]: Item Despawn Rate: 6000
[19:12:00] [Server thread/INFO]: Item Merge Radius: 2.5
[19:12:00] [Server thread/INFO]: View Distance: 10
[19:12:00] [Server thread/INFO]: Hopper Transfer: 8 Hopper Check: 1 Hopper Amount: 1
[19:12:00] [Server thread/INFO]: Arrow Despawn Rate: 1200 Trident Respawn Rate:1200
[19:12:00] [Server thread/INFO]: Nerfing mobs spawned from spawners: false
[19:12:00] [Server thread/INFO]: Experience Merge Radius: 3.0
[19:12:00] [Server thread/INFO]: Mob Spawn Range: 6
[19:12:00] [Server thread/INFO]: Cactus Growth Modifier: 100%
[19:12:00] [Server thread/INFO]: Cane Growth Modifier: 100%
[19:12:00] [Server thread/INFO]: Melon Growth Modifier: 100%
[19:12:00] [Server thread/INFO]: Mushroom Growth Modifier: 100%
[19:12:00] [Server thread/INFO]: Pumpkin Growth Modifier: 100%
[19:12:00] [Server thread/INFO]: Sapling Growth Modifier: 100%
[19:12:00] [Server thread/INFO]: Beetroot Growth Modifier: 100%
[19:12:00] [Server thread/INFO]: Carrot Growth Modifier: 100%
[19:12:00] [Server thread/INFO]: Potato Growth Modifier: 100%
[19:12:00] [Server thread/INFO]: Wheat Growth Modifier: 100%
[19:12:00] [Server thread/INFO]: NetherWart Growth Modifier: 100%
[19:12:00] [Server thread/INFO]: Vine Growth Modifier: 100%
[19:12:00] [Server thread/INFO]: Cocoa Growth Modifier: 100%
[19:12:00] [Server thread/INFO]: Bamboo Growth Modifier: 100%
[19:12:00] [Server thread/INFO]: SweetBerry Growth Modifier: 100%
[19:12:00] [Server thread/INFO]: Kelp Growth Modifier: 100%
[19:12:00] [Server thread/INFO]: Entity Activation Range: An 32 / Mo 32 / Ra 48 / Mi 16 / Tiv true
[19:12:00] [Server thread/INFO]: Tile Max Tick Time: 50ms Entity max Tick Time: 50ms
[19:12:00] [Server thread/INFO]: Max TNT Explosions: 100
[19:12:00] [Server thread/INFO]: Zombie Aggressive Towards Villager: true
[19:12:00] [Server thread/INFO]: -------- World Settings For [world_the_end] --------
[19:12:00] [Server thread/INFO]: Custom Map Seeds:  Village: 10387312 Desert: 14357617 Igloo: 14357618 Jungle: 14357619 Swamp: 14357620 Monument: 10387313 Ocean: 14357621 Shipwreck: 165745295 End City: 10387313 Slime: 987234911 Bastion: 30084232 Fortress: 30084232 Mansion: 10387319 Fossil: 14357921 Portal: 34222645
[19:12:00] [Server thread/INFO]: Entity Tracking Range: Pl 48 / An 48 / Mo 48 / Mi 32 / Other 64
[19:12:00] [Server thread/INFO]: Allow Zombie Pigmen to spawn from portal blocks: true
[19:12:00] [Server thread/INFO]: Item Despawn Rate: 6000
[19:12:00] [Server thread/INFO]: Item Merge Radius: 2.5
[19:12:00] [Server thread/INFO]: View Distance: 10
[19:12:00] [Server thread/INFO]: Hopper Transfer: 8 Hopper Check: 1 Hopper Amount: 1
[19:12:00] [Server thread/INFO]: Arrow Despawn Rate: 1200 Trident Respawn Rate:1200
[19:12:00] [Server thread/INFO]: Nerfing mobs spawned from spawners: false
[19:12:00] [Server thread/INFO]: Experience Merge Radius: 3.0
[19:12:00] [Server thread/INFO]: Mob Spawn Range: 6
[19:12:00] [Server thread/INFO]: Cactus Growth Modifier: 100%
[19:12:00] [Server thread/INFO]: Cane Growth Modifier: 100%
[19:12:00] [Server thread/INFO]: Melon Growth Modifier: 100%
[19:12:00] [Server thread/INFO]: Mushroom Growth Modifier: 100%
[19:12:00] [Server thread/INFO]: Pumpkin Growth Modifier: 100%
[19:12:00] [Server thread/INFO]: Sapling Growth Modifier: 100%
[19:12:00] [Server thread/INFO]: Beetroot Growth Modifier: 100%
[19:12:00] [Server thread/INFO]: Carrot Growth Modifier: 100%
[19:12:00] [Server thread/INFO]: Potato Growth Modifier: 100%
[19:12:00] [Server thread/INFO]: Wheat Growth Modifier: 100%
[19:12:00] [Server thread/INFO]: NetherWart Growth Modifier: 100%
[19:12:00] [Server thread/INFO]: Vine Growth Modifier: 100%
[19:12:00] [Server thread/INFO]: Cocoa Growth Modifier: 100%
[19:12:00] [Server thread/INFO]: Bamboo Growth Modifier: 100%
[19:12:00] [Server thread/INFO]: SweetBerry Growth Modifier: 100%
[19:12:00] [Server thread/INFO]: Kelp Growth Modifier: 100%
[19:12:00] [Server thread/INFO]: Entity Activation Range: An 32 / Mo 32 / Ra 48 / Mi 16 / Tiv true
[19:12:00] [Server thread/INFO]: Tile Max Tick Time: 50ms Entity max Tick Time: 50ms
[19:12:00] [Server thread/INFO]: Max TNT Explosions: 100
[19:12:00] [Server thread/INFO]: Zombie Aggressive Towards Villager: true
[19:12:00] [Server thread/INFO]: Preparing start region for dimension minecraft:overworld
[19:12:01] [Server thread/INFO]: Preparing spawn area: 0%
[19:12:01] [Server thread/INFO]: Preparing spawn area: 0%
[19:12:01] [Server thread/INFO]: Preparing spawn area: 0%
[19:12:02] [Server thread/INFO]: Preparing spawn area: 0%
[19:12:03] [Worker-Main-12/INFO]: Preparing spawn area: 83%
[19:12:03] [Worker-Main-10/INFO]: Preparing spawn area: 83%
[19:12:03] [Worker-Main-10/INFO]: Preparing spawn area: 83%
[19:12:04] [Worker-Main-11/INFO]: Preparing spawn area: 99%
[19:12:04] [Server thread/INFO]: Time elapsed: 3964 ms
[19:12:04] [Server thread/INFO]: Preparing start region for dimension minecraft:the_nether
[19:12:05] [Server thread/INFO]: Preparing spawn area: 0%
[19:12:05] [Server thread/INFO]: Preparing spawn area: 0%
[19:12:05] [Worker-Main-10/INFO]: Preparing spawn area: 83%
[19:12:06] [Worker-Main-10/INFO]: Preparing spawn area: 83%
[19:12:06] [Worker-Main-12/INFO]: Preparing spawn area: 86%
[19:12:07] [Worker-Main-7/INFO]: Preparing spawn area: 98%
[19:12:07] [Server thread/INFO]: Time elapsed: 2523 ms
[19:12:07] [Server thread/INFO]: Preparing start region for dimension minecraft:the_end
[19:12:07] [Server thread/INFO]: Preparing spawn area: 0%
[19:12:07] [Worker-Main-12/INFO]: Preparing spawn area: 84%
[19:12:07] [Server thread/INFO]: Time elapsed: 644 ms
[19:12:07] [Server thread/INFO]: [RPGqk] Enabling RPGqk vspigot-1.16.2
[19:12:07] [Server thread/INFO]: [RPG]插件已加载成功
[19:12:07] [Server thread/INFO]: [RPG]作者：可乐加品客 QK
[19:12:07] [Server thread/INFO]: Server permissions file permissions.yml is empty, ignoring it
[19:12:07] [Server thread/INFO]: Done (7.908s)! For help, type "help"
[19:16:51] [User Authenticator #1/INFO]: UUID of player 123 is 75f41576-c9ae-3be1-9e5a-f6091a7fa867
[19:16:52] [Server thread/INFO]: 123[/192.168.43.157:5169] logged in with entity id 207 at ([world]-190.5, 71.0, -67.5)
[19:16:59] [Server thread/INFO]: 123 issued server command: /job
[19:17:02] [Server thread/INFO]: §a弓手
[19:17:08] [Server thread/WARN]: com.mysql.jdbc.exceptions.jdbc4.CommunicationsException: Communications link failure

The last packet sent successfully to the server was 0 milliseconds ago. The driver has not received any packets from the server.
[19:17:08] [Server thread/WARN]: 	at sun.reflect.NativeConstructorAccessorImpl.newInstance0(Native Method)
[19:17:08] [Server thread/WARN]: 	at sun.reflect.NativeConstructorAccessorImpl.newInstance(Unknown Source)
[19:17:08] [Server thread/WARN]: 	at sun.reflect.DelegatingConstructorAccessorImpl.newInstance(Unknown Source)
[19:17:08] [Server thread/WARN]: 	at java.lang.reflect.Constructor.newInstance(Unknown Source)
[19:17:08] [Server thread/WARN]: 	at com.mysql.jdbc.Util.handleNewInstance(Util.java:403)
[19:17:08] [Server thread/WARN]: 	at com.mysql.jdbc.SQLError.createCommunicationsException(SQLError.java:990)
[19:17:08] [Server thread/WARN]: 	at com.mysql.jdbc.MysqlIO.<init>(MysqlIO.java:335)
[19:17:08] [Server thread/WARN]: 	at com.mysql.jdbc.ConnectionImpl.coreConnect(ConnectionImpl.java:2187)
[19:17:08] [Server thread/WARN]: 	at com.mysql.jdbc.ConnectionImpl.connectOneTryOnly(ConnectionImpl.java:2220)
[19:17:08] [Server thread/WARN]: 	at com.mysql.jdbc.ConnectionImpl.createNewIO(ConnectionImpl.java:2015)
[19:17:08] [Server thread/WARN]: 	at com.mysql.jdbc.ConnectionImpl.<init>(ConnectionImpl.java:768)
[19:17:08] [Server thread/WARN]: 	at com.mysql.jdbc.JDBC4Connection.<init>(JDBC4Connection.java:47)
[19:17:08] [Server thread/WARN]: 	at sun.reflect.NativeConstructorAccessorImpl.newInstance0(Native Method)
[19:17:08] [Server thread/WARN]: 	at sun.reflect.NativeConstructorAccessorImpl.newInstance(Unknown Source)
[19:17:08] [Server thread/WARN]: 	at sun.reflect.DelegatingConstructorAccessorImpl.newInstance(Unknown Source)
[19:17:08] [Server thread/WARN]: 	at java.lang.reflect.Constructor.newInstance(Unknown Source)
[19:17:08] [Server thread/WARN]: 	at com.mysql.jdbc.Util.handleNewInstance(Util.java:403)
[19:17:08] [Server thread/WARN]: 	at com.mysql.jdbc.ConnectionImpl.getInstance(ConnectionImpl.java:385)
[19:17:08] [Server thread/WARN]: 	at com.mysql.jdbc.NonRegisteringDriver.connect(NonRegisteringDriver.java:323)
[19:17:08] [Server thread/WARN]: 	at java.sql.DriverManager.getConnection(Unknown Source)
[19:17:08] [Server thread/WARN]: 	at java.sql.DriverManager.getConnection(Unknown Source)
[19:17:08] [Server thread/WARN]: 	at com.qk.RPGqk.event.PlayerAttack.PlayerAttack(PlayerAttack.java:26)
[19:17:08] [Server thread/WARN]: 	at sun.reflect.NativeMethodAccessorImpl.invoke0(Native Method)
[19:17:08] [Server thread/WARN]: 	at sun.reflect.NativeMethodAccessorImpl.invoke(Unknown Source)
[19:17:08] [Server thread/WARN]: 	at sun.reflect.DelegatingMethodAccessorImpl.invoke(Unknown Source)
[19:17:08] [Server thread/WARN]: 	at java.lang.reflect.Method.invoke(Unknown Source)
[19:17:08] [Server thread/WARN]: 	at org.bukkit.plugin.java.JavaPluginLoader$1.execute(JavaPluginLoader.java:315)
[19:17:08] [Server thread/WARN]: 	at org.bukkit.plugin.RegisteredListener.callEvent(RegisteredListener.java:70)
[19:17:08] [Server thread/WARN]: 	at org.bukkit.plugin.SimplePluginManager.fireEvent(SimplePluginManager.java:589)
[19:17:08] [Server thread/WARN]: 	at org.bukkit.plugin.SimplePluginManager.callEvent(SimplePluginManager.java:576)
[19:17:08] [Server thread/WARN]: 	at org.bukkit.craftbukkit.v1_16_R2.event.CraftEventFactory.callEvent(CraftEventFactory.java:251)
[19:17:08] [Server thread/WARN]: 	at org.bukkit.craftbukkit.v1_16_R2.event.CraftEventFactory.callEntityDamageEvent(CraftEventFactory.java:966)
[19:17:08] [Server thread/WARN]: 	at org.bukkit.craftbukkit.v1_16_R2.event.CraftEventFactory.handleEntityDamageEvent(CraftEventFactory.java:853)
[19:17:08] [Server thread/WARN]: 	at org.bukkit.craftbukkit.v1_16_R2.event.CraftEventFactory.handleEntityDamageEvent(CraftEventFactory.java:809)
[19:17:08] [Server thread/WARN]: 	at org.bukkit.craftbukkit.v1_16_R2.event.CraftEventFactory.handleLivingEntityDamageEvent(CraftEventFactory.java:998)
[19:17:08] [Server thread/WARN]: 	at net.minecraft.server.v1_16_R2.EntityLiving.damageEntity0(EntityLiving.java:1755)
[19:17:08] [Server thread/WARN]: 	at net.minecraft.server.v1_16_R2.EntityLiving.damageEntity(EntityLiving.java:1139)
[19:17:08] [Server thread/WARN]: 	at net.minecraft.server.v1_16_R2.EntityMonster.damageEntity(SourceFile:73)
[19:17:08] [Server thread/WARN]: 	at net.minecraft.server.v1_16_R2.EntityZombie.damageEntity(EntityZombie.java:235)
[19:17:08] [Server thread/WARN]: 	at net.minecraft.server.v1_16_R2.EntityHuman.attack(EntityHuman.java:1068)
[19:17:08] [Server thread/WARN]: 	at net.minecraft.server.v1_16_R2.EntityPlayer.attack(EntityPlayer.java:1629)
[19:17:08] [Server thread/WARN]: 	at net.minecraft.server.v1_16_R2.PlayerConnection.a(PlayerConnection.java:1910)
[19:17:08] [Server thread/WARN]: 	at net.minecraft.server.v1_16_R2.PacketPlayInUseEntity.a(SourceFile:74)
[19:17:08] [Server thread/WARN]: 	at net.minecraft.server.v1_16_R2.PacketPlayInUseEntity.a(SourceFile:13)
[19:17:08] [Server thread/WARN]: 	at net.minecraft.server.v1_16_R2.PlayerConnectionUtils.lambda$0(PlayerConnectionUtils.java:19)
[19:17:08] [Server thread/WARN]: 	at net.minecraft.server.v1_16_R2.TickTask.run(SourceFile:18)
[19:17:08] [Server thread/WARN]: 	at net.minecraft.server.v1_16_R2.IAsyncTaskHandler.executeTask(SourceFile:144)
[19:17:08] [Server thread/WARN]: 	at net.minecraft.server.v1_16_R2.IAsyncTaskHandlerReentrant.executeTask(SourceFile:23)
[19:17:08] [Server thread/WARN]: 	at net.minecraft.server.v1_16_R2.IAsyncTaskHandler.executeNext(SourceFile:118)
[19:17:08] [Server thread/WARN]: 	at net.minecraft.server.v1_16_R2.MinecraftServer.ba(MinecraftServer.java:941)
[19:17:08] [Server thread/WARN]: 	at net.minecraft.server.v1_16_R2.MinecraftServer.executeNext(MinecraftServer.java:934)
[19:17:08] [Server thread/WARN]: 	at net.minecraft.server.v1_16_R2.IAsyncTaskHandler.awaitTasks(SourceFile:127)
[19:17:08] [Server thread/WARN]: 	at net.minecraft.server.v1_16_R2.MinecraftServer.sleepForTick(MinecraftServer.java:918)
[19:17:08] [Server thread/WARN]: 	at net.minecraft.server.v1_16_R2.MinecraftServer.w(MinecraftServer.java:850)
[19:17:08] [Server thread/WARN]: 	at net.minecraft.server.v1_16_R2.MinecraftServer.lambda$0(MinecraftServer.java:164)
[19:17:08] [Server thread/WARN]: 	at java.lang.Thread.run(Unknown Source)
[19:17:08] [Server thread/WARN]: Caused by: java.net.ConnectException: Connection refused: connect
[19:17:08] [Server thread/WARN]: 	at java.net.DualStackPlainSocketImpl.connect0(Native Method)
[19:17:08] [Server thread/WARN]: 	at java.net.DualStackPlainSocketImpl.socketConnect(Unknown Source)
[19:17:08] [Server thread/WARN]: 	at java.net.AbstractPlainSocketImpl.doConnect(Unknown Source)
[19:17:08] [Server thread/WARN]: 	at java.net.AbstractPlainSocketImpl.connectToAddress(Unknown Source)
[19:17:08] [Server thread/WARN]: 	at java.net.AbstractPlainSocketImpl.connect(Unknown Source)
[19:17:08] [Server thread/WARN]: 	at java.net.PlainSocketImpl.connect(Unknown Source)
[19:17:08] [Server thread/WARN]: 	at java.net.SocksSocketImpl.connect(Unknown Source)
[19:17:08] [Server thread/WARN]: 	at java.net.Socket.connect(Unknown Source)
[19:17:08] [Server thread/WARN]: 	at com.mysql.jdbc.StandardSocketFactory.connect(StandardSocketFactory.java:211)
[19:17:08] [Server thread/WARN]: 	at com.mysql.jdbc.MysqlIO.<init>(MysqlIO.java:299)
[19:17:08] [Server thread/WARN]: 	... 49 more
[19:17:08] [Server thread/INFO]: koko
[19:17:08] [Server thread/INFO]: 123 lost connection: Disconnected
[19:17:08] [Server thread/INFO]: 123 left the game
